2019-11-20 16:05:15,346 INFO 17767 [Timer] /home/apple/projects/frontend/eggdemo/node_modules/egg-multipart/app/schedule/clean_tmpdir.js next time will execute after 44684656ms at 2019-11-21 04:30:00.002
2019-11-20 16:05:15,347 INFO 17767 [Timer] /home/apple/projects/frontend/eggdemo/node_modules/egg-logrotator/app/schedule/clean_log.js next time will execute after 28484653ms at 2019-11-21 00:00:00.000
2019-11-20 16:05:15,347 INFO 17767 [Timer] /home/apple/projects/frontend/eggdemo/node_modules/egg-logrotator/app/schedule/rotate_by_file.js next time will execute after 28485653ms at 2019-11-21 00:00:01.000
2019-11-20 16:05:15,294 INFO 17778 [egg-schedule]: register schedule /home/apple/projects/frontend/eggdemo/node_modules/egg-multipart/app/schedule/clean_tmpdir.js
2019-11-20 16:05:15,294 INFO 17778 [egg-schedule]: register schedule /home/apple/projects/frontend/eggdemo/node_modules/egg-logrotator/app/schedule/clean_log.js
2019-11-20 16:05:15,294 INFO 17778 [egg-schedule]: register schedule /home/apple/projects/frontend/eggdemo/node_modules/egg-logrotator/app/schedule/rotate_by_file.js
2019-11-20 16:47:15,226 INFO 18627 [Timer] /home/apple/projects/frontend/eggdemo/node_modules/egg-multipart/app/schedule/clean_tmpdir.js next time will execute after 42164776ms at 2019-11-21 04:30:00.002
2019-11-20 16:47:15,226 INFO 18627 [Timer] /home/apple/projects/frontend/eggdemo/node_modules/egg-logrotator/app/schedule/clean_log.js next time will execute after 25964774ms at 2019-11-21 00:00:00.000
2019-11-20 16:47:15,227 INFO 18627 [Timer] /home/apple/projects/frontend/eggdemo/node_modules/egg-logrotator/app/schedule/rotate_by_file.js next time will execute after 25965774ms at 2019-11-21 00:00:01.001
2019-11-20 16:47:15,152 INFO 18638 [egg-schedule]: register schedule /home/apple/projects/frontend/eggdemo/node_modules/egg-multipart/app/schedule/clean_tmpdir.js
2019-11-20 16:47:15,152 INFO 18638 [egg-schedule]: register schedule /home/apple/projects/frontend/eggdemo/node_modules/egg-logrotator/app/schedule/clean_log.js
2019-11-20 16:47:15,152 INFO 18638 [egg-schedule]: register schedule /home/apple/projects/frontend/eggdemo/node_modules/egg-logrotator/app/schedule/rotate_by_file.js
2019-11-20 16:51:47,996 INFO 18845 [egg-schedule]: register schedule /home/apple/projects/frontend/eggdemo/node_modules/egg-multipart/app/schedule/clean_tmpdir.js
2019-11-20 16:51:47,996 INFO 18845 [egg-schedule]: register schedule /home/apple/projects/frontend/eggdemo/node_modules/egg-logrotator/app/schedule/clean_log.js
2019-11-20 16:51:47,996 INFO 18845 [egg-schedule]: register schedule /home/apple/projects/frontend/eggdemo/node_modules/egg-logrotator/app/schedule/rotate_by_file.js
2019-11-20 16:54:09,155 INFO 18894 [egg-schedule]: register schedule /home/apple/projects/frontend/eggdemo/node_modules/egg-multipart/app/schedule/clean_tmpdir.js
2019-11-20 16:54:09,155 INFO 18894 [egg-schedule]: register schedule /home/apple/projects/frontend/eggdemo/node_modules/egg-logrotator/app/schedule/clean_log.js
2019-11-20 16:54:09,155 INFO 18894 [egg-schedule]: register schedule /home/apple/projects/frontend/eggdemo/node_modules/egg-logrotator/app/schedule/rotate_by_file.js
2019-11-20 16:57:55,169 INFO 18988 [egg-schedule]: register schedule /home/apple/projects/frontend/eggdemo/node_modules/egg-multipart/app/schedule/clean_tmpdir.js
2019-11-20 16:57:55,169 INFO 18988 [egg-schedule]: register schedule /home/apple/projects/frontend/eggdemo/node_modules/egg-logrotator/app/schedule/clean_log.js
2019-11-20 16:57:55,169 INFO 18988 [egg-schedule]: register schedule /home/apple/projects/frontend/eggdemo/node_modules/egg-logrotator/app/schedule/rotate_by_file.js
2019-11-20 17:01:50,879 INFO 19272 [egg-schedule]: register schedule /home/apple/projects/frontend/eggdemo/node_modules/egg-multipart/app/schedule/clean_tmpdir.js
2019-11-20 17:01:50,879 INFO 19272 [egg-schedule]: register schedule /home/apple/projects/frontend/eggdemo/node_modules/egg-logrotator/app/schedule/clean_log.js
2019-11-20 17:01:50,879 INFO 19272 [egg-schedule]: register schedule /home/apple/projects/frontend/eggdemo/node_modules/egg-logrotator/app/schedule/rotate_by_file.js
2019-11-20 17:01:56,296 INFO 19284 [egg-schedule]: register schedule /home/apple/projects/frontend/eggdemo/node_modules/egg-multipart/app/schedule/clean_tmpdir.js
2019-11-20 17:01:56,296 INFO 19284 [egg-schedule]: register schedule /home/apple/projects/frontend/eggdemo/node_modules/egg-logrotator/app/schedule/clean_log.js
2019-11-20 17:01:56,296 INFO 19284 [egg-schedule]: register schedule /home/apple/projects/frontend/eggdemo/node_modules/egg-logrotator/app/schedule/rotate_by_file.js
2019-11-20 17:02:35,938 INFO 19409 [Timer] /home/apple/projects/frontend/eggdemo/node_modules/egg-multipart/app/schedule/clean_tmpdir.js next time will execute after 41244064ms at 2019-11-21 04:30:00.002
2019-11-20 17:02:35,938 INFO 19409 [Timer] /home/apple/projects/frontend/eggdemo/node_modules/egg-logrotator/app/schedule/clean_log.js next time will execute after 25044062ms at 2019-11-21 00:00:00.000
2019-11-20 17:02:35,938 INFO 19409 [Timer] /home/apple/projects/frontend/eggdemo/node_modules/egg-logrotator/app/schedule/rotate_by_file.js next time will execute after 25045062ms at 2019-11-21 00:00:01.000
2019-11-20 17:02:35,885 INFO 19420 [egg-schedule]: register schedule /home/apple/projects/frontend/eggdemo/node_modules/egg-multipart/app/schedule/clean_tmpdir.js
2019-11-20 17:02:35,885 INFO 19420 [egg-schedule]: register schedule /home/apple/projects/frontend/eggdemo/node_modules/egg-logrotator/app/schedule/clean_log.js
2019-11-20 17:02:35,885 INFO 19420 [egg-schedule]: register schedule /home/apple/projects/frontend/eggdemo/node_modules/egg-logrotator/app/schedule/rotate_by_file.js
2019-11-20 17:04:00,101 INFO 19500 [Timer] /home/apple/projects/frontend/eggdemo/node_modules/egg-multipart/app/schedule/clean_tmpdir.js next time will execute after 41159900ms at 2019-11-21 04:30:00.001
2019-11-20 17:04:00,102 INFO 19500 [Timer] /home/apple/projects/frontend/eggdemo/node_modules/egg-logrotator/app/schedule/clean_log.js next time will execute after 24959899ms at 2019-11-21 00:00:00.001
2019-11-20 17:04:00,102 INFO 19500 [Timer] /home/apple/projects/frontend/eggdemo/node_modules/egg-logrotator/app/schedule/rotate_by_file.js next time will execute after 24960898ms at 2019-11-21 00:00:01.000
2019-11-20 17:04:00,047 INFO 19512 [egg-schedule]: register schedule /home/apple/projects/frontend/eggdemo/node_modules/egg-multipart/app/schedule/clean_tmpdir.js
2019-11-20 17:04:00,047 INFO 19512 [egg-schedule]: register schedule /home/apple/projects/frontend/eggdemo/node_modules/egg-logrotator/app/schedule/clean_log.js
2019-11-20 17:04:00,047 INFO 19512 [egg-schedule]: register schedule /home/apple/projects/frontend/eggdemo/node_modules/egg-logrotator/app/schedule/rotate_by_file.js
2019-11-20 17:05:26,656 INFO 19577 [Timer] /home/apple/projects/frontend/eggdemo/node_modules/egg-multipart/app/schedule/clean_tmpdir.js next time will execute after 41073346ms at 2019-11-21 04:30:00.002
2019-11-20 17:05:26,657 INFO 19577 [Timer] /home/apple/projects/frontend/eggdemo/node_modules/egg-logrotator/app/schedule/clean_log.js next time will execute after 24873344ms at 2019-11-21 00:00:00.001
2019-11-20 17:05:26,657 INFO 19577 [Timer] /home/apple/projects/frontend/eggdemo/node_modules/egg-logrotator/app/schedule/rotate_by_file.js next time will execute after 24874343ms at 2019-11-21 00:00:01.000
2019-11-20 17:05:26,587 INFO 19588 [egg-schedule]: register schedule /home/apple/projects/frontend/eggdemo/node_modules/egg-multipart/app/schedule/clean_tmpdir.js
2019-11-20 17:05:26,587 INFO 19588 [egg-schedule]: register schedule /home/apple/projects/frontend/eggdemo/node_modules/egg-logrotator/app/schedule/clean_log.js
2019-11-20 17:05:26,587 INFO 19588 [egg-schedule]: register schedule /home/apple/projects/frontend/eggdemo/node_modules/egg-logrotator/app/schedule/rotate_by_file.js
2019-11-20 17:06:18,515 INFO 19732 [Timer] /home/apple/projects/frontend/eggdemo/node_modules/egg-multipart/app/schedule/clean_tmpdir.js next time will execute after 41021488ms at 2019-11-21 04:30:00.003
2019-11-20 17:06:18,516 INFO 19732 [Timer] /home/apple/projects/frontend/eggdemo/node_modules/egg-logrotator/app/schedule/clean_log.js next time will execute after 24821485ms at 2019-11-21 00:00:00.001
2019-11-20 17:06:18,516 INFO 19732 [Timer] /home/apple/projects/frontend/eggdemo/node_modules/egg-logrotator/app/schedule/rotate_by_file.js next time will execute after 24822484ms at 2019-11-21 00:00:01.000
2019-11-20 17:06:18,410 INFO 19743 [egg-schedule]: register schedule /home/apple/projects/frontend/eggdemo/node_modules/egg-multipart/app/schedule/clean_tmpdir.js
2019-11-20 17:06:18,410 INFO 19743 [egg-schedule]: register schedule /home/apple/projects/frontend/eggdemo/node_modules/egg-logrotator/app/schedule/clean_log.js
2019-11-20 17:06:18,410 INFO 19743 [egg-schedule]: register schedule /home/apple/projects/frontend/eggdemo/node_modules/egg-logrotator/app/schedule/rotate_by_file.js
2019-11-20 17:06:51,277 INFO 19759 [egg-schedule]: register schedule /home/apple/projects/frontend/eggdemo/node_modules/egg-multipart/app/schedule/clean_tmpdir.js
2019-11-20 17:06:51,277 INFO 19759 [egg-schedule]: register schedule /home/apple/projects/frontend/eggdemo/node_modules/egg-logrotator/app/schedule/clean_log.js
2019-11-20 17:06:51,277 INFO 19759 [egg-schedule]: register schedule /home/apple/projects/frontend/eggdemo/node_modules/egg-logrotator/app/schedule/rotate_by_file.js
2019-11-20 17:07:04,772 INFO 19809 [Timer] /home/apple/projects/frontend/eggdemo/node_modules/egg-multipart/app/schedule/clean_tmpdir.js next time will execute after 40975245ms at 2019-11-21 04:30:00.017
2019-11-20 17:07:04,772 INFO 19809 [Timer] /home/apple/projects/frontend/eggdemo/node_modules/egg-logrotator/app/schedule/clean_log.js next time will execute after 24775228ms at 2019-11-21 00:00:00.000
2019-11-20 17:07:04,773 INFO 19809 [Timer] /home/apple/projects/frontend/eggdemo/node_modules/egg-logrotator/app/schedule/rotate_by_file.js next time will execute after 24776228ms at 2019-11-21 00:00:01.001
2019-11-20 17:07:04,650 INFO 19820 [egg-schedule]: register schedule /home/apple/projects/frontend/eggdemo/node_modules/egg-multipart/app/schedule/clean_tmpdir.js
2019-11-20 17:07:04,650 INFO 19820 [egg-schedule]: register schedule /home/apple/projects/frontend/eggdemo/node_modules/egg-logrotator/app/schedule/clean_log.js
2019-11-20 17:07:04,650 INFO 19820 [egg-schedule]: register schedule /home/apple/projects/frontend/eggdemo/node_modules/egg-logrotator/app/schedule/rotate_by_file.js
2019-11-20 17:07:21,536 INFO 19835 [egg-schedule]: register schedule /home/apple/projects/frontend/eggdemo/node_modules/egg-multipart/app/schedule/clean_tmpdir.js
2019-11-20 17:07:21,536 INFO 19835 [egg-schedule]: register schedule /home/apple/projects/frontend/eggdemo/node_modules/egg-logrotator/app/schedule/clean_log.js
2019-11-20 17:07:21,536 INFO 19835 [egg-schedule]: register schedule /home/apple/projects/frontend/eggdemo/node_modules/egg-logrotator/app/schedule/rotate_by_file.js
2019-11-20 17:10:55,672 INFO 19960 [egg-schedule]: register schedule /home/apple/projects/frontend/eggdemo/node_modules/egg-multipart/app/schedule/clean_tmpdir.js
2019-11-20 17:10:55,672 INFO 19960 [egg-schedule]: register schedule /home/apple/projects/frontend/eggdemo/node_modules/egg-logrotator/app/schedule/clean_log.js
2019-11-20 17:10:55,672 INFO 19960 [egg-schedule]: register schedule /home/apple/projects/frontend/eggdemo/node_modules/egg-logrotator/app/schedule/rotate_by_file.js
2019-11-20 17:13:13,862 INFO 20031 [egg-schedule]: register schedule /home/apple/projects/frontend/eggdemo/node_modules/egg-multipart/app/schedule/clean_tmpdir.js
2019-11-20 17:13:13,862 INFO 20031 [egg-schedule]: register schedule /home/apple/projects/frontend/eggdemo/node_modules/egg-logrotator/app/schedule/clean_log.js
2019-11-20 17:13:13,862 INFO 20031 [egg-schedule]: register schedule /home/apple/projects/frontend/eggdemo/node_modules/egg-logrotator/app/schedule/rotate_by_file.js
2019-11-20 17:24:30,893 INFO 20458 [Timer] /home/apple/projects/frontend/eggdemo/node_modules/egg-multipart/app/schedule/clean_tmpdir.js next time will execute after 39929109ms at 2019-11-21 04:30:00.002
2019-11-20 17:24:30,893 INFO 20458 [Timer] /home/apple/projects/frontend/eggdemo/node_modules/egg-logrotator/app/schedule/clean_log.js next time will execute after 23729107ms at 2019-11-21 00:00:00.000
2019-11-20 17:24:30,894 INFO 20458 [Timer] /home/apple/projects/frontend/eggdemo/node_modules/egg-logrotator/app/schedule/rotate_by_file.js next time will execute after 23730107ms at 2019-11-21 00:00:01.001
2019-11-20 17:24:30,827 INFO 20469 [egg-schedule]: register schedule /home/apple/projects/frontend/eggdemo/node_modules/egg-multipart/app/schedule/clean_tmpdir.js
2019-11-20 17:24:30,827 INFO 20469 [egg-schedule]: register schedule /home/apple/projects/frontend/eggdemo/node_modules/egg-logrotator/app/schedule/clean_log.js
2019-11-20 17:24:30,827 INFO 20469 [egg-schedule]: register schedule /home/apple/projects/frontend/eggdemo/node_modules/egg-logrotator/app/schedule/rotate_by_file.js
2019-11-20 17:24:51,996 INFO 20489 [egg-schedule]: register schedule /home/apple/projects/frontend/eggdemo/node_modules/egg-multipart/app/schedule/clean_tmpdir.js
2019-11-20 17:24:51,997 INFO 20489 [egg-schedule]: register schedule /home/apple/projects/frontend/eggdemo/node_modules/egg-logrotator/app/schedule/clean_log.js
2019-11-20 17:24:51,997 INFO 20489 [egg-schedule]: register schedule /home/apple/projects/frontend/eggdemo/node_modules/egg-logrotator/app/schedule/rotate_by_file.js
2019-11-20 17:29:04,489 INFO 20665 [egg-schedule]: register schedule /home/apple/projects/frontend/eggdemo/node_modules/egg-multipart/app/schedule/clean_tmpdir.js
2019-11-20 17:29:04,489 INFO 20665 [egg-schedule]: register schedule /home/apple/projects/frontend/eggdemo/node_modules/egg-logrotator/app/schedule/clean_log.js
2019-11-20 17:29:04,489 INFO 20665 [egg-schedule]: register schedule /home/apple/projects/frontend/eggdemo/node_modules/egg-logrotator/app/schedule/rotate_by_file.js
2019-11-20 17:30:00,299 INFO 20830 [Timer] /home/apple/projects/frontend/eggdemo/node_modules/egg-multipart/app/schedule/clean_tmpdir.js next time will execute after 39599703ms at 2019-11-21 04:30:00.002
2019-11-20 17:30:00,299 INFO 20830 [Timer] /home/apple/projects/frontend/eggdemo/node_modules/egg-logrotator/app/schedule/clean_log.js next time will execute after 23399701ms at 2019-11-21 00:00:00.000
2019-11-20 17:30:00,299 INFO 20830 [Timer] /home/apple/projects/frontend/eggdemo/node_modules/egg-logrotator/app/schedule/rotate_by_file.js next time will execute after 23400701ms at 2019-11-21 00:00:01.000
2019-11-20 17:30:00,245 INFO 20841 [egg-schedule]: register schedule /home/apple/projects/frontend/eggdemo/node_modules/egg-multipart/app/schedule/clean_tmpdir.js
2019-11-20 17:30:00,245 INFO 20841 [egg-schedule]: register schedule /home/apple/projects/frontend/eggdemo/node_modules/egg-logrotator/app/schedule/clean_log.js
2019-11-20 17:30:00,245 INFO 20841 [egg-schedule]: register schedule /home/apple/projects/frontend/eggdemo/node_modules/egg-logrotator/app/schedule/rotate_by_file.js
2019-11-20 17:32:17,950 INFO 20939 [Timer] /home/apple/projects/frontend/eggdemo/node_modules/egg-multipart/app/schedule/clean_tmpdir.js next time will execute after 39462053ms at 2019-11-21 04:30:00.003
2019-11-20 17:32:17,951 INFO 20939 [Timer] /home/apple/projects/frontend/eggdemo/node_modules/egg-logrotator/app/schedule/clean_log.js next time will execute after 23262050ms at 2019-11-21 00:00:00.001
2019-11-20 17:32:17,952 INFO 20939 [Timer] /home/apple/projects/frontend/eggdemo/node_modules/egg-logrotator/app/schedule/rotate_by_file.js next time will execute after 23263049ms at 2019-11-21 00:00:01.001
2019-11-20 17:32:17,862 INFO 20950 [egg-schedule]: register schedule /home/apple/projects/frontend/eggdemo/node_modules/egg-multipart/app/schedule/clean_tmpdir.js
2019-11-20 17:32:17,862 INFO 20950 [egg-schedule]: register schedule /home/apple/projects/frontend/eggdemo/node_modules/egg-logrotator/app/schedule/clean_log.js
2019-11-20 17:32:17,862 INFO 20950 [egg-schedule]: register schedule /home/apple/projects/frontend/eggdemo/node_modules/egg-logrotator/app/schedule/rotate_by_file.js
2019-11-20 18:31:14,425 INFO 21494 [egg-schedule]: register schedule /home/apple/projects/frontend/eggdemo/node_modules/egg-multipart/app/schedule/clean_tmpdir.js
2019-11-20 18:31:14,425 INFO 21494 [egg-schedule]: register schedule /home/apple/projects/frontend/eggdemo/node_modules/egg-logrotator/app/schedule/clean_log.js
2019-11-20 18:31:14,425 INFO 21494 [egg-schedule]: register schedule /home/apple/projects/frontend/eggdemo/node_modules/egg-logrotator/app/schedule/rotate_by_file.js
2019-11-20 18:37:34,066 INFO 22415 [egg-schedule]: register schedule /home/apple/projects/frontend/eggdemo/node_modules/egg-multipart/app/schedule/clean_tmpdir.js
2019-11-20 18:37:34,066 INFO 22415 [egg-schedule]: register schedule /home/apple/projects/frontend/eggdemo/node_modules/egg-logrotator/app/schedule/clean_log.js
2019-11-20 18:37:34,066 INFO 22415 [egg-schedule]: register schedule /home/apple/projects/frontend/eggdemo/node_modules/egg-logrotator/app/schedule/rotate_by_file.js
2019-11-20 18:38:14,933 INFO 22436 [egg-schedule]: register schedule /home/apple/projects/frontend/eggdemo/node_modules/egg-multipart/app/schedule/clean_tmpdir.js
2019-11-20 18:38:14,933 INFO 22436 [egg-schedule]: register schedule /home/apple/projects/frontend/eggdemo/node_modules/egg-logrotator/app/schedule/clean_log.js
2019-11-20 18:38:14,933 INFO 22436 [egg-schedule]: register schedule /home/apple/projects/frontend/eggdemo/node_modules/egg-logrotator/app/schedule/rotate_by_file.js
2019-11-20 18:41:51,712 INFO 22609 [Timer] /home/apple/projects/frontend/eggdemo/node_modules/egg-multipart/app/schedule/clean_tmpdir.js next time will execute after 35288289ms at 2019-11-21 04:30:00.001
2019-11-20 18:41:51,713 INFO 22609 [Timer] /home/apple/projects/frontend/eggdemo/node_modules/egg-logrotator/app/schedule/clean_log.js next time will execute after 19088287ms at 2019-11-21 00:00:00.000
2019-11-20 18:41:51,713 INFO 22609 [Timer] /home/apple/projects/frontend/eggdemo/node_modules/egg-logrotator/app/schedule/rotate_by_file.js next time will execute after 19089287ms at 2019-11-21 00:00:01.000
2019-11-20 18:41:51,649 INFO 22620 [egg-schedule]: register schedule /home/apple/projects/frontend/eggdemo/node_modules/egg-multipart/app/schedule/clean_tmpdir.js
2019-11-20 18:41:51,649 INFO 22620 [egg-schedule]: register schedule /home/apple/projects/frontend/eggdemo/node_modules/egg-logrotator/app/schedule/clean_log.js
2019-11-20 18:41:51,649 INFO 22620 [egg-schedule]: register schedule /home/apple/projects/frontend/eggdemo/node_modules/egg-logrotator/app/schedule/rotate_by_file.js
2019-11-20 18:42:31,230 INFO 22648 [egg-schedule]: register schedule /home/apple/projects/frontend/eggdemo/node_modules/egg-multipart/app/schedule/clean_tmpdir.js
2019-11-20 18:42:31,230 INFO 22648 [egg-schedule]: register schedule /home/apple/projects/frontend/eggdemo/node_modules/egg-logrotator/app/schedule/clean_log.js
2019-11-20 18:42:31,230 INFO 22648 [egg-schedule]: register schedule /home/apple/projects/frontend/eggdemo/node_modules/egg-logrotator/app/schedule/rotate_by_file.js
2019-11-20 18:48:56,588 INFO 22865 [egg-schedule]: register schedule /home/apple/projects/frontend/eggdemo/node_modules/egg-multipart/app/schedule/clean_tmpdir.js
2019-11-20 18:48:56,588 INFO 22865 [egg-schedule]: register schedule /home/apple/projects/frontend/eggdemo/node_modules/egg-logrotator/app/schedule/clean_log.js
2019-11-20 18:48:56,588 INFO 22865 [egg-schedule]: register schedule /home/apple/projects/frontend/eggdemo/node_modules/egg-logrotator/app/schedule/rotate_by_file.js
2019-11-20 18:49:23,669 INFO 22883 [egg-schedule]: register schedule /home/apple/projects/frontend/eggdemo/node_modules/egg-multipart/app/schedule/clean_tmpdir.js
2019-11-20 18:49:23,669 INFO 22883 [egg-schedule]: register schedule /home/apple/projects/frontend/eggdemo/node_modules/egg-logrotator/app/schedule/clean_log.js
2019-11-20 18:49:23,669 INFO 22883 [egg-schedule]: register schedule /home/apple/projects/frontend/eggdemo/node_modules/egg-logrotator/app/schedule/rotate_by_file.js
2019-11-20 18:49:33,220 INFO 22895 [egg-schedule]: register schedule /home/apple/projects/frontend/eggdemo/node_modules/egg-multipart/app/schedule/clean_tmpdir.js
2019-11-20 18:49:33,221 INFO 22895 [egg-schedule]: register schedule /home/apple/projects/frontend/eggdemo/node_modules/egg-logrotator/app/schedule/clean_log.js
2019-11-20 18:49:33,221 INFO 22895 [egg-schedule]: register schedule /home/apple/projects/frontend/eggdemo/node_modules/egg-logrotator/app/schedule/rotate_by_file.js
2019-11-20 18:50:29,299 INFO 22955 [egg-schedule]: register schedule /home/apple/projects/frontend/eggdemo/node_modules/egg-multipart/app/schedule/clean_tmpdir.js
2019-11-20 18:50:29,299 INFO 22955 [egg-schedule]: register schedule /home/apple/projects/frontend/eggdemo/node_modules/egg-logrotator/app/schedule/clean_log.js
2019-11-20 18:50:29,299 INFO 22955 [egg-schedule]: register schedule /home/apple/projects/frontend/eggdemo/node_modules/egg-logrotator/app/schedule/rotate_by_file.js
2019-11-20 19:17:18,655 INFO 24294 [Timer] /home/apple/projects/frontend/eggdemo/node_modules/egg-multipart/app/schedule/clean_tmpdir.js next time will execute after 33161347ms at 2019-11-21 04:30:00.002
2019-11-20 19:17:18,656 INFO 24294 [Timer] /home/apple/projects/frontend/eggdemo/node_modules/egg-logrotator/app/schedule/clean_log.js next time will execute after 16961344ms at 2019-11-21 00:00:00.000
2019-11-20 19:17:18,656 INFO 24294 [Timer] /home/apple/projects/frontend/eggdemo/node_modules/egg-logrotator/app/schedule/rotate_by_file.js next time will execute after 16962344ms at 2019-11-21 00:00:01.000
2019-11-20 19:17:18,556 INFO 24305 [egg-schedule]: register schedule /home/apple/projects/frontend/eggdemo/node_modules/egg-multipart/app/schedule/clean_tmpdir.js
2019-11-20 19:17:18,556 INFO 24305 [egg-schedule]: register schedule /home/apple/projects/frontend/eggdemo/node_modules/egg-logrotator/app/schedule/clean_log.js
2019-11-20 19:17:18,556 INFO 24305 [egg-schedule]: register schedule /home/apple/projects/frontend/eggdemo/node_modules/egg-logrotator/app/schedule/rotate_by_file.js
2019-11-20 19:18:06,451 INFO 24332 [egg-schedule]: register schedule /home/apple/projects/frontend/eggdemo/node_modules/egg-multipart/app/schedule/clean_tmpdir.js
2019-11-20 19:18:06,451 INFO 24332 [egg-schedule]: register schedule /home/apple/projects/frontend/eggdemo/node_modules/egg-logrotator/app/schedule/clean_log.js
2019-11-20 19:18:06,451 INFO 24332 [egg-schedule]: register schedule /home/apple/projects/frontend/eggdemo/node_modules/egg-logrotator/app/schedule/rotate_by_file.js
2019-11-20 19:18:36,747 INFO 24404 [egg-schedule]: register schedule /home/apple/projects/frontend/eggdemo/node_modules/egg-multipart/app/schedule/clean_tmpdir.js
2019-11-20 19:18:36,747 INFO 24404 [egg-schedule]: register schedule /home/apple/projects/frontend/eggdemo/node_modules/egg-logrotator/app/schedule/clean_log.js
2019-11-20 19:18:36,747 INFO 24404 [egg-schedule]: register schedule /home/apple/projects/frontend/eggdemo/node_modules/egg-logrotator/app/schedule/rotate_by_file.js
2019-11-20 19:18:37,054 INFO 24393 [Timer] /home/apple/projects/frontend/eggdemo/node_modules/egg-multipart/app/schedule/clean_tmpdir.js next time will execute after 33082951ms at 2019-11-21 04:30:00.005
2019-11-20 19:18:37,055 INFO 24393 [Timer] /home/apple/projects/frontend/eggdemo/node_modules/egg-logrotator/app/schedule/clean_log.js next time will execute after 16882945ms at 2019-11-21 00:00:00.000
2019-11-20 19:18:37,057 INFO 24393 [Timer] /home/apple/projects/frontend/eggdemo/node_modules/egg-logrotator/app/schedule/rotate_by_file.js next time will execute after 16883945ms at 2019-11-21 00:00:01.002
2019-11-20 19:19:38,932 INFO 24484 [Timer] /home/apple/projects/frontend/eggdemo/node_modules/egg-multipart/app/schedule/clean_tmpdir.js next time will execute after 33021070ms at 2019-11-21 04:30:00.002
2019-11-20 19:19:38,932 INFO 24484 [Timer] /home/apple/projects/frontend/eggdemo/node_modules/egg-logrotator/app/schedule/clean_log.js next time will execute after 16821068ms at 2019-11-21 00:00:00.000
2019-11-20 19:19:38,933 INFO 24484 [Timer] /home/apple/projects/frontend/eggdemo/node_modules/egg-logrotator/app/schedule/rotate_by_file.js next time will execute after 16822068ms at 2019-11-21 00:00:01.001
2019-11-20 19:19:38,834 INFO 24495 [egg-schedule]: register schedule /home/apple/projects/frontend/eggdemo/node_modules/egg-multipart/app/schedule/clean_tmpdir.js
2019-11-20 19:19:38,834 INFO 24495 [egg-schedule]: register schedule /home/apple/projects/frontend/eggdemo/node_modules/egg-logrotator/app/schedule/clean_log.js
2019-11-20 19:19:38,834 INFO 24495 [egg-schedule]: register schedule /home/apple/projects/frontend/eggdemo/node_modules/egg-logrotator/app/schedule/rotate_by_file.js
2019-11-20 19:20:37,391 INFO 24529 [egg-schedule]: register schedule /home/apple/projects/frontend/eggdemo/node_modules/egg-multipart/app/schedule/clean_tmpdir.js
2019-11-20 19:20:37,391 INFO 24529 [egg-schedule]: register schedule /home/apple/projects/frontend/eggdemo/node_modules/egg-logrotator/app/schedule/clean_log.js
2019-11-20 19:20:37,391 INFO 24529 [egg-schedule]: register schedule /home/apple/projects/frontend/eggdemo/node_modules/egg-logrotator/app/schedule/rotate_by_file.js
2019-11-20 19:25:22,061 INFO 24602 [egg-schedule]: register schedule /home/apple/projects/frontend/eggdemo/node_modules/egg-multipart/app/schedule/clean_tmpdir.js
2019-11-20 19:25:22,061 INFO 24602 [egg-schedule]: register schedule /home/apple/projects/frontend/eggdemo/node_modules/egg-logrotator/app/schedule/clean_log.js
2019-11-20 19:25:22,061 INFO 24602 [egg-schedule]: register schedule /home/apple/projects/frontend/eggdemo/node_modules/egg-logrotator/app/schedule/rotate_by_file.js
2019-11-20 19:33:43,913 INFO 25009 [Timer] /home/apple/projects/frontend/eggdemo/node_modules/egg-multipart/app/schedule/clean_tmpdir.js next time will execute after 32176089ms at 2019-11-21 04:30:00.002
2019-11-20 19:33:43,913 INFO 25009 [Timer] /home/apple/projects/frontend/eggdemo/node_modules/egg-logrotator/app/schedule/clean_log.js next time will execute after 15976087ms at 2019-11-21 00:00:00.000
2019-11-20 19:33:43,913 INFO 25009 [Timer] /home/apple/projects/frontend/eggdemo/node_modules/egg-logrotator/app/schedule/rotate_by_file.js next time will execute after 15977087ms at 2019-11-21 00:00:01.000
2019-11-20 19:33:43,857 INFO 25020 [egg-schedule]: register schedule /home/apple/projects/frontend/eggdemo/node_modules/egg-multipart/app/schedule/clean_tmpdir.js
2019-11-20 19:33:43,857 INFO 25020 [egg-schedule]: register schedule /home/apple/projects/frontend/eggdemo/node_modules/egg-logrotator/app/schedule/clean_log.js
2019-11-20 19:33:43,857 INFO 25020 [egg-schedule]: register schedule /home/apple/projects/frontend/eggdemo/node_modules/egg-logrotator/app/schedule/rotate_by_file.js
2019-11-20 19:34:18,460 INFO 25068 [egg-schedule]: register schedule /home/apple/projects/frontend/eggdemo/node_modules/egg-multipart/app/schedule/clean_tmpdir.js
2019-11-20 19:34:18,460 INFO 25068 [egg-schedule]: register schedule /home/apple/projects/frontend/eggdemo/node_modules/egg-logrotator/app/schedule/clean_log.js
2019-11-20 19:34:18,460 INFO 25068 [egg-schedule]: register schedule /home/apple/projects/frontend/eggdemo/node_modules/egg-logrotator/app/schedule/rotate_by_file.js
2019-11-20 19:34:29,230 INFO 25114 [Timer] /home/apple/projects/frontend/eggdemo/node_modules/egg-multipart/app/schedule/clean_tmpdir.js next time will execute after 32130773ms at 2019-11-21 04:30:00.003
2019-11-20 19:34:29,231 INFO 25114 [Timer] /home/apple/projects/frontend/eggdemo/node_modules/egg-logrotator/app/schedule/clean_log.js next time will execute after 15930770ms at 2019-11-21 00:00:00.001
2019-11-20 19:34:29,231 INFO 25114 [Timer] /home/apple/projects/frontend/eggdemo/node_modules/egg-logrotator/app/schedule/rotate_by_file.js next time will execute after 15931769ms at 2019-11-21 00:00:01.000
2019-11-20 19:34:29,149 INFO 25125 [egg-schedule]: register schedule /home/apple/projects/frontend/eggdemo/node_modules/egg-multipart/app/schedule/clean_tmpdir.js
2019-11-20 19:34:29,149 INFO 25125 [egg-schedule]: register schedule /home/apple/projects/frontend/eggdemo/node_modules/egg-logrotator/app/schedule/clean_log.js
2019-11-20 19:34:29,149 INFO 25125 [egg-schedule]: register schedule /home/apple/projects/frontend/eggdemo/node_modules/egg-logrotator/app/schedule/rotate_by_file.js
